TN:verilator_coverage
SF:../vc/arithmetic.v
DA:34,448
DA:35,112
DA:36,384
DA:188,202
DA:189,32
DA:190,142
DA:206,147
DA:207,32
DA:208,99
end_of_record
SF:../vc/counters.v
DA:16,9932
DA:17,2
DA:21,288
DA:22,288
DA:23,0
DA:27,0
DA:28,288
DA:29,288
DA:37,0
DA:51,288
DA:54,0
end_of_record
SF:../vc/muxes.v
DA:16,56
DA:17,2096
DA:18,88
DA:21,0
DA:22,0
DA:23,0
DA:24,23587
DA:25,5641
DA:26,0
end_of_record
SF:../vc/regs.v
DA:23,29236
DA:24,2656
DA:25,2656
DA:28,14614
DA:29,14614
DA:42,9932
DA:43,2
DA:44,0
DA:45,0
DA:48,4965
DA:49,4965
DA:61,14618
DA:62,4
DA:63,112
DA:64,112
DA:65,576
DA:68,7307
DA:69,298
DA:70,7009
end_of_record
SF:../vc/trace.v
DA:20,15622
DA:21,6
DA:44,0
DA:45,0
DA:49,0
DA:62,0
DA:63,0
DA:64,0
DA:65,0
DA:71,7808
DA:72,7808
DA:80,0
DA:85,0
DA:86,0
DA:88,0
DA:89,0
DA:90,0
DA:93,0
DA:95,0
DA:96,0
DA:97,0
DA:99,0
DA:100,0
DA:103,0
DA:113,0
DA:118,0
DA:120,0
DA:121,0
DA:123,0
DA:124,0
DA:125,0
DA:126,0
DA:129,0
DA:139,0
DA:145,0
DA:146,0
DA:147,0
DA:149,0
DA:150,0
DA:151,0
DA:152,0
DA:153,0
DA:155,0
DA:156,0
DA:159,0
DA:169,0
DA:175,0
DA:177,0
DA:178,0
DA:179,0
DA:182,0
DA:183,0
DA:184,0
DA:185,0
DA:186,0
DA:187,0
DA:188,0
DA:199,0
DA:206,0
DA:208,0
DA:209,0
DA:210,0
DA:213,0
DA:214,0
DA:216,0
DA:217,0
DA:219,0
DA:220,0
DA:221,0
DA:223,0
DA:224,0
DA:225,0
DA:227,0
DA:228,0
DA:229,0
end_of_record
SF:IntMulAlt.v
DA:24,4686
DA:25,2
DA:27,288
DA:28,288
DA:29,38
DA:31,288
DA:32,280
DA:33,56
DA:40,288
DA:41,288
DA:42,288
DA:43,288
DA:44,286
DA:45,147
DA:46,32
DA:86,4686
DA:87,2
DA:90,38
DA:91,56
DA:94,288
DA:95,288
DA:96,288
DA:97,288
DA:98,286
DA:99,32
DA:100,147
DA:103,38
DA:104,43
DA:111,147
DA:115,147
DA:120,99
DA:125,202
DA:129,202
DA:133,142
DA:138,56
DA:142,56
DA:146,160
DA:150,44
DA:158,4686
DA:159,2
DA:162,147
DA:163,288
DA:164,288
DA:165,288
DA:166,288
DA:167,286
DA:168,32
DA:171,288
DA:172,288
DA:173,280
DA:174,288
DA:178,288
DA:179,288
DA:180,288
DA:182,2342
DA:194,2342
DA:195,2342
DA:196,2342
DA:197,2342
DA:198,2342
DA:199,2342
DA:200,2342
DA:201,2342
DA:202,2342
DA:203,2342
DA:208,2342
DA:210,6
DA:213,2336
DA:218,0
DA:219,0
DA:220,208
DA:222,288
DA:223,631
DA:225,1985
DA:227,144
DA:228,1841
DA:230,149
DA:232,18
DA:233,18
DA:244,0
DA:245,0
DA:246,208
DA:247,208
DA:253,1985
DA:257,878
DA:258,418
DA:259,211
DA:260,80
DA:261,41
DA:262,27
DA:263,10
DA:264,6
DA:265,4
DA:266,2
DA:267,1
DA:268,1
DA:269,1
DA:270,1
DA:271,1
DA:272,1
DA:273,1
DA:274,1
DA:275,1
DA:276,1
DA:277,1
DA:278,1
DA:279,1
DA:280,1
DA:281,1
DA:282,1
DA:283,1
DA:284,1
DA:285,1
DA:286,1
DA:287,1
DA:288,287
DA:290,230
DA:291,230
DA:292,86
DA:293,86
DA:295,1755
DA:296,1755
DA:297,1755
DA:299,1985
DA:304,149
DA:305,149
end_of_record
SF:IntMulBase.v
DA:25,9932
DA:26,2
DA:28,288
DA:29,288
DA:30,38
DA:32,288
DA:33,280
DA:34,56
DA:41,288
DA:42,288
DA:43,288
DA:44,288
DA:45,1810
DA:46,147
DA:87,9932
DA:88,2
DA:91,38
DA:92,56
DA:95,288
DA:96,288
DA:97,288
DA:98,288
DA:99,1810
DA:100,147
DA:103,38
DA:104,43
DA:111,147
DA:115,147
DA:120,1297
DA:125,224
DA:129,224
DA:133,224
DA:138,56
DA:142,56
DA:146,192
DA:150,44
DA:158,9932
DA:159,2
DA:163,147
DA:164,288
DA:165,288
DA:166,288
DA:167,288
DA:168,1810
DA:171,288
DA:172,288
DA:173,280
DA:174,288
DA:179,288
DA:180,288
DA:182,288
DA:183,288
DA:184,288
DA:185,288
DA:188,0
DA:205,4965
DA:220,4965
DA:221,4965
DA:222,4965
DA:223,4965
DA:224,4965
DA:225,4965
DA:226,4965
DA:227,4965
DA:228,4965
DA:229,4965
DA:234,4965
DA:236,6
DA:239,4959
DA:244,0
DA:245,0
DA:246,208
DA:248,288
DA:249,631
DA:251,4608
DA:253,144
DA:254,4464
DA:256,149
DA:258,18
DA:259,18
DA:270,0
DA:271,0
DA:272,208
DA:273,208
DA:280,4608
DA:282,1755
DA:283,2853
DA:284,4608
DA:292,149
DA:293,149
end_of_record
SF:IntMulSimple.v
DA:16,1004
DA:17,2
DA:18,288
DA:19,288
DA:20,38
DA:22,288
DA:23,280
DA:24,39
DA:27,38
DA:28,43
DA:29,288
DA:30,39
DA:35,501
DA:36,501
DA:37,150
DA:38,150
DA:41,501
DA:42,501
DA:46,0
DA:47,0
DA:48,0
DA:49,288
DA:50,288
DA:51,288
DA:53,300
DA:54,300
end_of_record
SF:tb_IntMul.v
DA:20,0
DA:23,3
DA:25,264
DA:26,264
DA:27,6
DA:29,243
DA:30,264
DA:31,12
DA:34,0
DA:35,0
DA:37,6
DA:38,12
DA:41,0
DA:42,0
DA:43,0
DA:65,2115
DA:66,2115
DA:67,2115
DA:68,0
DA:111,0
DA:115,1
DA:145,0
DA:179,0
DA:213,0
DA:251,15
DA:252,15
DA:282,96
DA:283,96
DA:302,0
DA:1397,0
DA:1403,39
end_of_record
SF:ub_IntMul.v
DA:20,0
DA:23,3
DA:25,600
DA:26,600
DA:27,108
DA:29,597
DA:30,600
DA:31,144
DA:34,0
DA:35,0
DA:37,108
DA:38,117
DA:41,0
DA:42,0
DA:43,0
DA:65,5699
DA:66,5699
DA:67,5699
DA:68,0
DA:78,3
DA:80,3
DA:82,3
DA:83,3
DA:84,3
DA:85,3
DA:88,3
DA:89,3
DA:95,3
DA:96,3
DA:97,300
DA:102,3
DA:103,3
DA:106,3
DA:107,3
DA:129,0
DA:135,100
end_of_record
