TN:verilator_coverage
SF:../vc/arithmetic.v
DA:34,102
DA:35,8
DA:36,102
DA:188,21
DA:189,32
DA:190,15
DA:206,12
DA:207,32
DA:208,8
end_of_record
SF:../vc/counters.v
DA:16,3113
DA:17,1
DA:21,88
DA:22,88
DA:23,0
DA:27,0
DA:28,88
DA:29,88
DA:37,0
DA:51,88
DA:54,0
end_of_record
SF:../vc/muxes.v
DA:16,4
DA:17,246
DA:18,8
DA:21,0
DA:22,0
DA:23,0
DA:24,5242
DA:25,2438
DA:26,0
end_of_record
SF:../vc/regs.v
DA:23,7684
DA:24,234
DA:25,234
DA:28,3840
DA:29,3840
DA:42,3113
DA:43,1
DA:44,0
DA:45,0
DA:48,1556
DA:49,1556
DA:61,3842
DA:62,2
DA:63,8
DA:64,8
DA:65,176
DA:68,1920
DA:69,98
DA:70,1822
end_of_record
SF:../vc/trace.v
DA:20,4227
DA:21,3
DA:44,0
DA:45,0
DA:49,0
DA:62,0
DA:63,0
DA:64,0
DA:65,0
DA:71,2112
DA:72,2112
DA:80,7338
DA:85,7338
DA:86,7338
DA:88,7338
DA:89,3318
DA:90,3318
DA:93,7338
DA:95,7338
DA:96,10656
DA:97,10656
DA:99,10656
DA:100,10656
DA:103,7338
DA:113,0
DA:118,0
DA:120,0
DA:121,0
DA:123,0
DA:124,0
DA:125,0
DA:126,0
DA:129,0
DA:139,4134
DA:145,4134
DA:146,4134
DA:147,4134
DA:149,4134
DA:150,48096
DA:151,48096
DA:152,48096
DA:153,48096
DA:155,48096
DA:156,48096
DA:159,4134
DA:169,0
DA:175,0
DA:177,0
DA:178,0
DA:179,0
DA:182,0
DA:183,0
DA:184,0
DA:185,0
DA:186,0
DA:187,0
DA:188,0
DA:199,4224
DA:206,4224
DA:208,4224
DA:209,50688
DA:210,50688
DA:213,90
DA:214,90
DA:216,2262
DA:217,2262
DA:219,190
DA:220,190
DA:221,190
DA:223,0
DA:224,1682
DA:225,1682
DA:227,0
DA:228,0
DA:229,0
end_of_record
SF:IntMulAlt.v
DA:24,729
DA:25,1
DA:27,88
DA:28,88
DA:29,2
DA:31,88
DA:32,81
DA:33,4
DA:40,88
DA:41,88
DA:42,88
DA:43,88
DA:44,86
DA:45,12
DA:46,32
DA:86,729
DA:87,1
DA:90,2
DA:91,4
DA:94,88
DA:95,88
DA:96,88
DA:97,88
DA:98,86
DA:99,32
DA:100,12
DA:103,2
DA:104,4
DA:111,12
DA:115,12
DA:120,8
DA:125,21
DA:129,21
DA:133,15
DA:138,4
DA:142,4
DA:146,21
DA:150,4
DA:158,729
DA:159,1
DA:162,12
DA:163,88
DA:164,88
DA:165,88
DA:166,88
DA:167,86
DA:168,32
DA:171,88
DA:172,88
DA:173,81
DA:174,88
DA:178,88
DA:179,88
DA:180,88
DA:182,364
DA:194,364
DA:195,364
DA:196,364
DA:197,364
DA:198,364
DA:199,364
DA:200,364
DA:201,364
DA:202,364
DA:203,364
DA:208,364
DA:210,3
DA:213,361
DA:218,0
DA:219,0
DA:220,99
DA:222,88
DA:223,301
DA:225,216
DA:227,44
DA:228,172
DA:230,49
DA:232,18
DA:233,18
DA:244,0
DA:245,0
DA:246,99
DA:247,99
DA:253,216
DA:257,59
DA:258,25
DA:259,13
DA:260,2
DA:261,2
DA:262,2
DA:263,2
DA:264,1
DA:265,1
DA:266,1
DA:267,1
DA:268,1
DA:269,1
DA:270,1
DA:271,1
DA:272,1
DA:273,1
DA:274,1
DA:275,1
DA:276,1
DA:277,1
DA:278,1
DA:279,1
DA:280,1
DA:281,1
DA:282,1
DA:283,1
DA:284,1
DA:285,1
DA:286,1
DA:287,1
DA:288,87
DA:290,80
DA:291,80
DA:292,36
DA:293,36
DA:295,136
DA:296,136
DA:297,136
DA:299,216
DA:304,49
DA:305,49
end_of_record
SF:IntMulBase.v
DA:25,3113
DA:26,1
DA:28,88
DA:29,88
DA:30,2
DA:32,88
DA:33,81
DA:34,4
DA:41,88
DA:42,88
DA:43,88
DA:44,88
DA:45,160
DA:46,12
DA:87,3113
DA:88,1
DA:91,2
DA:92,4
DA:95,88
DA:96,88
DA:97,88
DA:98,88
DA:99,160
DA:100,12
DA:103,2
DA:104,4
DA:111,12
DA:115,12
DA:120,106
DA:125,74
DA:129,74
DA:133,74
DA:138,4
DA:142,4
DA:146,72
DA:150,4
DA:158,3113
DA:159,1
DA:163,12
DA:164,88
DA:165,88
DA:166,88
DA:167,88
DA:168,160
DA:171,88
DA:172,88
DA:173,81
DA:174,88
DA:179,88
DA:180,88
DA:182,88
DA:183,88
DA:184,88
DA:185,88
DA:188,0
DA:205,1556
DA:220,1556
DA:221,1556
DA:222,1556
DA:223,1556
DA:224,1556
DA:225,1556
DA:226,1556
DA:227,1556
DA:228,1556
DA:229,1556
DA:234,1556
DA:236,3
DA:239,1553
DA:244,0
DA:245,0
DA:246,99
DA:248,88
DA:249,301
DA:251,1408
DA:253,44
DA:254,1364
DA:256,49
DA:258,18
DA:259,18
DA:270,0
DA:271,0
DA:272,99
DA:273,99
DA:280,1408
DA:282,136
DA:283,1272
DA:284,1408
DA:292,49
DA:293,49
end_of_record
SF:IntMulSimple.v
DA:16,385
DA:17,1
DA:18,88
DA:19,88
DA:20,2
DA:22,88
DA:23,81
DA:24,4
DA:27,2
DA:28,4
DA:29,88
DA:30,4
DA:35,192
DA:36,192
DA:37,50
DA:38,50
DA:41,192
DA:42,192
DA:46,0
DA:47,0
DA:48,0
DA:49,88
DA:50,88
DA:51,88
DA:53,100
DA:54,100
end_of_record
SF:tb_IntMul.v
DA:20,3
DA:23,3
DA:25,264
DA:26,264
DA:27,6
DA:29,243
DA:30,264
DA:31,12
DA:34,0
DA:35,0
DA:37,6
DA:38,12
DA:41,0
DA:42,0
DA:43,0
DA:65,2115
DA:66,2115
DA:67,3
DA:68,2112
DA:111,0
DA:115,1
DA:145,0
DA:179,0
DA:213,0
DA:251,15
DA:252,15
DA:282,96
DA:283,96
DA:302,0
DA:1397,0
DA:1403,39
end_of_record
